<?xml version="1.0" encoding="UTF-8"?>
<coverage generated="1633267815441" clover="3.2.0">
  <project timestamp="1633267815441" name="All files">
    <metrics statements="7" coveredstatements="7" conditionals="6" coveredconditionals="6" methods="3" coveredmethods="3" elements="16" coveredelements="16" complexity="0" loc="7" ncloc="7" packages="2" files="2" classes="2"/>
    <package name="components.my-component">
      <metrics statements="5" coveredstatements="5" conditionals="0" coveredconditionals="0" methods="2" coveredmethods="2"/>
      <file name="my-component.tsx" path="C:\Users\Bruno\Documents\Github\customizable-side-bar\src\components\my-component\my-component.tsx">
        <metrics statements="5" coveredstatements="5" conditionals="0" coveredconditionals="0" methods="2" coveredmethods="2"/>
        <line num="1" count="1" type="stmt"/>
        <line num="2" count="1" type="stmt"/>
        <line num="4" count="1" type="stmt"/>
        <line num="26" count="2" type="stmt"/>
        <line num="30" count="2" type="stmt"/>
      </file>
    </package>
    <package name="utils">
      <metrics statements="2" coveredstatements="2" conditionals="6" coveredconditionals="6" methods="1" coveredmethods="1"/>
      <file name="utils.ts" path="C:\Users\Bruno\Documents\Github\customizable-side-bar\src\utils\utils.ts">
        <metrics statements="2" coveredstatements="2" conditionals="6" coveredconditionals="6" methods="1" coveredmethods="1"/>
        <line num="1" count="2" type="stmt"/>
        <line num="2" count="6" type="cond" truecount="6" falsecount="0"/>
      </file>
    </package>
  </project>
</coverage>
