{"C:\\Users\\Bruno\\Documents\\Github\\rh-core-ui\\src\\components\\buttons\\buttons.tsx": {"path":"C:\\Users\\Bruno\\Documents\\Github\\rh-core-ui\\src\\components\\buttons\\buttons.tsx","statementMap":{"0":{"start":{"line":1,"column":0},"end":{"line":1,"column":72}},"1":{"start":{"line":3,"column":0},"end":{"line":3,"column":18}},"2":{"start":{"line":11,"column":65},"end":{"line":11,"column":82}},"3":{"start":{"line":13,"column":34},"end":{"line":13,"column":67}},"4":{"start":{"line":19,"column":4},"end":{"line":30,"column":6}},"5":{"start":{"line":24,"column":23},"end":{"line":24,"column":48}},"6":{"start":{"line":5,"column":0},"end":{"line":5,"column":null}}},"fnMap":{"0":{"name":"(anonymous_0)","decl":{"start":{"line":5,"column":0},"end":{"line":5,"column":null}},"loc":{"start":{"line":5,"column":0},"end":{"line":32,"column":null}}},"1":{"name":"(anonymous_1)","decl":{"start":{"line":18,"column":2},"end":{"line":18,"column":8}},"loc":{"start":{"line":18,"column":8},"end":{"line":31,"column":3}}},"2":{"name":"(anonymous_2)","decl":{"start":{"line":24,"column":17},"end":{"line":24,"column":20}},"loc":{"start":{"line":24,"column":23},"end":{"line":24,"column":48}}}},"branchMap":{"0":{"loc":{"start":{"line":27,"column":9},"end":{"line":27,"column":25}},"type":"binary-expr","locations":[{"start":{"line":27,"column":9},"end":{"line":27,"column":25}},{"start":{"line":27,"column":29},"end":{"line":27,"column":74}}]},"1":{"loc":{"start":{"line":28,"column":9},"end":{"line":28,"column":32}},"type":"binary-expr","locations":[{"start":{"line":28,"column":9},"end":{"line":28,"column":32}},{"start":{"line":28,"column":36},"end":{"line":28,"column":49}}]}},"s":{"0":1,"1":1,"2":12,"3":12,"4":12,"5":1,"6":1},"f":{"0":12,"1":12,"2":1},"b":{"0":[12,1],"1":[12,11]}}
,"C:\\Users\\Bruno\\Documents\\Github\\rh-core-ui\\src\\components\\side-bar\\side-bar.tsx": {"path":"C:\\Users\\Bruno\\Documents\\Github\\rh-core-ui\\src\\components\\side-bar\\side-bar.tsx","statementMap":{"0":{"start":{"line":1,"column":0},"end":{"line":1,"column":72}},"1":{"start":{"line":3,"column":0},"end":{"line":3,"column":18}},"2":{"start":{"line":14,"column":67},"end":{"line":14,"column":95}},"3":{"start":{"line":19,"column":4},"end":{"line":19,"column":36}},"4":{"start":{"line":23,"column":4},"end":{"line":23,"column":70}},"5":{"start":{"line":24,"column":24},"end":{"line":24,"column":91}},"6":{"start":{"line":25,"column":4},"end":{"line":25,"column":42}},"7":{"start":{"line":29,"column":4},"end":{"line":44,"column":6}},"8":{"start":{"line":30,"column":29},"end":{"line":30,"column":56}},"9":{"start":{"line":5,"column":0},"end":{"line":5,"column":null}}},"fnMap":{"0":{"name":"(anonymous_0)","decl":{"start":{"line":5,"column":0},"end":{"line":5,"column":null}},"loc":{"start":{"line":5,"column":0},"end":{"line":46,"column":null}}},"1":{"name":"(anonymous_1)","decl":{"start":{"line":18,"column":2},"end":{"line":18,"column":21}},"loc":{"start":{"line":18,"column":21},"end":{"line":20,"column":3}}},"2":{"name":"(anonymous_2)","decl":{"start":{"line":22,"column":2},"end":{"line":22,"column":16}},"loc":{"start":{"line":22,"column":16},"end":{"line":26,"column":3}}},"3":{"name":"(anonymous_3)","decl":{"start":{"line":28,"column":2},"end":{"line":28,"column":8}},"loc":{"start":{"line":28,"column":8},"end":{"line":45,"column":3}}},"4":{"name":"(anonymous_4)","decl":{"start":{"line":30,"column":18},"end":{"line":30,"column":25}},"loc":{"start":{"line":30,"column":29},"end":{"line":30,"column":56}}}},"branchMap":{},"s":{"0":1,"1":1,"2":2,"3":2,"4":1,"5":1,"6":1,"7":2,"8":2,"9":1},"f":{"0":2,"1":2,"2":1,"3":2,"4":2},"b":{}}
,"C:\\Users\\Bruno\\Documents\\Github\\rh-core-ui\\src\\components\\side-bar\\components\\side-bar-items\\side-bar-items.tsx": {"path":"C:\\Users\\Bruno\\Documents\\Github\\rh-core-ui\\src\\components\\side-bar\\components\\side-bar-items\\side-bar-items.tsx","statementMap":{"0":{"start":{"line":1,"column":0},"end":{"line":1,"column":89}},"1":{"start":{"line":3,"column":0},"end":{"line":3,"column":18}},"2":{"start":{"line":13,"column":67},"end":{"line":13,"column":95}},"3":{"start":{"line":19,"column":18},"end":{"line":19,"column":98}},"4":{"start":{"line":20,"column":4},"end":{"line":22,"column":7}},"5":{"start":{"line":21,"column":6},"end":{"line":21,"column":49}},"6":{"start":{"line":26,"column":18},"end":{"line":26,"column":91}},"7":{"start":{"line":27,"column":4},"end":{"line":29,"column":6}},"8":{"start":{"line":28,"column":6},"end":{"line":28,"column":121}},"9":{"start":{"line":30,"column":4},"end":{"line":33,"column":7}},"10":{"start":{"line":31,"column":6},"end":{"line":31,"column":57}},"11":{"start":{"line":32,"column":6},"end":{"line":32,"column":18}},"12":{"start":{"line":37,"column":4},"end":{"line":37,"column":36}},"13":{"start":{"line":41,"column":4},"end":{"line":60,"column":6}},"14":{"start":{"line":45,"column":12},"end":{"line":55,"column":null}},"15":{"start":{"line":50,"column":16},"end":{"line":50,"column":39}},"16":{"start":{"line":51,"column":16},"end":{"line":51,"column":42}},"17":{"start":{"line":5,"column":0},"end":{"line":5,"column":null}}},"fnMap":{"0":{"name":"(anonymous_0)","decl":{"start":{"line":5,"column":0},"end":{"line":5,"column":null}},"loc":{"start":{"line":5,"column":0},"end":{"line":62,"column":null}}},"1":{"name":"(anonymous_1)","decl":{"start":{"line":18,"column":2},"end":{"line":18,"column":18}},"loc":{"start":{"line":18,"column":18},"end":{"line":23,"column":3}}},"2":{"name":"(anonymous_2)","decl":{"start":{"line":20,"column":18},"end":{"line":20,"column":19}},"loc":{"start":{"line":20,"column":27},"end":{"line":22,"column":5}}},"3":{"name":"(anonymous_3)","decl":{"start":{"line":25,"column":2},"end":{"line":25,"column":15}},"loc":{"start":{"line":25,"column":33},"end":{"line":34,"column":3}}},"4":{"name":"(anonymous_4)","decl":{"start":{"line":27,"column":18},"end":{"line":27,"column":19}},"loc":{"start":{"line":28,"column":6},"end":{"line":28,"column":121}}},"5":{"name":"(anonymous_5)","decl":{"start":{"line":30,"column":40},"end":{"line":30,"column":41}},"loc":{"start":{"line":30,"column":56},"end":{"line":33,"column":5}}},"6":{"name":"(anonymous_6)","decl":{"start":{"line":36,"column":2},"end":{"line":36,"column":13}},"loc":{"start":{"line":36,"column":29},"end":{"line":38,"column":3}}},"7":{"name":"(anonymous_7)","decl":{"start":{"line":40,"column":2},"end":{"line":40,"column":8}},"loc":{"start":{"line":40,"column":8},"end":{"line":61,"column":3}}},"8":{"name":"(anonymous_8)","decl":{"start":{"line":44,"column":29},"end":{"line":44,"column":30}},"loc":{"start":{"line":45,"column":12},"end":{"line":55,"column":null}}},"9":{"name":"(anonymous_9)","decl":{"start":{"line":49,"column":23},"end":{"line":49,"column":26}},"loc":{"start":{"line":49,"column":28},"end":{"line":52,"column":15}}}},"branchMap":{"0":{"loc":{"start":{"line":31,"column":44},"end":{"line":31,"column":48}},"type":"cond-expr","locations":[{"start":{"line":31,"column":44},"end":{"line":31,"column":48}},{"start":{"line":31,"column":51},"end":{"line":31,"column":56}}]}},"s":{"0":2,"1":2,"2":5,"3":1,"4":1,"5":2,"6":2,"7":2,"8":4,"9":2,"10":4,"11":4,"12":2,"13":5,"14":10,"15":2,"16":2,"17":2},"f":{"0":5,"1":1,"2":2,"3":2,"4":4,"5":4,"6":2,"7":5,"8":10,"9":2},"b":{"0":[2,2]}}
,"C:\\Users\\Bruno\\Documents\\Github\\rh-core-ui\\src\\components\\side-bar\\components\\side-bar-items\\test\\mock-menu-items.ts": {"path":"C:\\Users\\Bruno\\Documents\\Github\\rh-core-ui\\src\\components\\side-bar\\components\\side-bar-items\\test\\mock-menu-items.ts","statementMap":{"0":{"start":{"line":1,"column":0},"end":{"line":1,"column":26}},"1":{"start":{"line":4,"column":13},"end":{"line":7,"column":2}}},"fnMap":{},"branchMap":{},"s":{"0":2,"1":2},"f":{},"b":{}}
,"C:\\Users\\Bruno\\Documents\\Github\\rh-core-ui\\src\\components\\tooltip\\tooltip.tsx": {"path":"C:\\Users\\Bruno\\Documents\\Github\\rh-core-ui\\src\\components\\tooltip\\tooltip.tsx","statementMap":{"0":{"start":{"line":1,"column":0},"end":{"line":1,"column":60}},"1":{"start":{"line":14,"column":35},"end":{"line":14,"column":69}},"2":{"start":{"line":17,"column":4},"end":{"line":26,"column":6}},"3":{"start":{"line":4,"column":0},"end":{"line":4,"column":null}}},"fnMap":{"0":{"name":"(anonymous_0)","decl":{"start":{"line":4,"column":0},"end":{"line":4,"column":null}},"loc":{"start":{"line":4,"column":0},"end":{"line":28,"column":null}}},"1":{"name":"(anonymous_1)","decl":{"start":{"line":16,"column":2},"end":{"line":16,"column":8}},"loc":{"start":{"line":16,"column":8},"end":{"line":27,"column":3}}}},"branchMap":{},"s":{"0":1,"1":6,"2":6,"3":1},"f":{"0":6,"1":6},"b":{}}
,"C:\\Users\\Bruno\\Documents\\Github\\rh-core-ui\\src\\utils\\component-setup\\component-setup.ts": {"path":"C:\\Users\\Bruno\\Documents\\Github\\rh-core-ui\\src\\utils\\component-setup\\component-setup.ts","statementMap":{"0":{"start":{"line":1,"column":0},"end":{"line":1,"column":52}},"1":{"start":{"line":7,"column":23},"end":{"line":15,"column":1}},"2":{"start":{"line":8,"column":19},"end":{"line":11,"column":4}},"3":{"start":{"line":10,"column":20},"end":{"line":10,"column":32}},"4":{"start":{"line":12,"column":2},"end":{"line":14,"column":null}},"5":{"start":{"line":17,"column":0},"end":{"line":17,"column":30}}},"fnMap":{"0":{"name":"(anonymous_0)","decl":{"start":{"line":7,"column":23},"end":{"line":7,"column":28}},"loc":{"start":{"line":7,"column":99},"end":{"line":15,"column":1}}},"1":{"name":"(anonymous_1)","decl":{"start":{"line":10,"column":14},"end":{"line":10,"column":17}},"loc":{"start":{"line":10,"column":20},"end":{"line":10,"column":32}}}},"branchMap":{},"s":{"0":4,"1":4,"2":23,"3":23,"4":23,"5":4},"f":{"0":23,"1":23},"b":{}}
}
