{"C:\\Users\\Bruno\\Documents\\Github\\rh-core-ui\\src\\components\\breadcrumbs\\breadcrumbs.tsx": {"path":"C:\\Users\\Bruno\\Documents\\Github\\rh-core-ui\\src\\components\\breadcrumbs\\breadcrumbs.tsx","statementMap":{"0":{"start":{"line":1,"column":0},"end":{"line":1,"column":72}},"1":{"start":{"line":2,"column":0},"end":{"line":2,"column":18}},"2":{"start":{"line":11,"column":10},"end":{"line":11,"column":41}},"3":{"start":{"line":16,"column":4},"end":{"line":31,"column":6}},"4":{"start":{"line":20,"column":12},"end":{"line":26,"column":null}},"5":{"start":{"line":22,"column":31},"end":{"line":22,"column":66}},"6":{"start":{"line":5,"column":0},"end":{"line":5,"column":null}}},"fnMap":{"0":{"name":"(anonymous_0)","decl":{"start":{"line":5,"column":0},"end":{"line":5,"column":null}},"loc":{"start":{"line":5,"column":0},"end":{"line":33,"column":null}}},"1":{"name":"(anonymous_1)","decl":{"start":{"line":15,"column":2},"end":{"line":15,"column":8}},"loc":{"start":{"line":15,"column":8},"end":{"line":32,"column":3}}},"2":{"name":"(anonymous_2)","decl":{"start":{"line":19,"column":25},"end":{"line":19,"column":26}},"loc":{"start":{"line":20,"column":12},"end":{"line":26,"column":null}}},"3":{"name":"(anonymous_3)","decl":{"start":{"line":22,"column":25},"end":{"line":22,"column":28}},"loc":{"start":{"line":22,"column":31},"end":{"line":22,"column":66}}}},"branchMap":{"0":{"loc":{"start":{"line":26,"column":15},"end":{"line":26,"column":46}},"type":"binary-expr","locations":[{"start":{"line":26,"column":15},"end":{"line":26,"column":46}},{"start":{"line":26,"column":50},"end":{"line":26,"column":98}}]}},"s":{"0":1,"1":1,"2":3,"3":3,"4":9,"5":1,"6":1},"f":{"0":3,"1":3,"2":9,"3":1},"b":{"0":[9,6]}}
,"C:\\Users\\Bruno\\Documents\\Github\\rh-core-ui\\src\\components\\buttons\\buttons.tsx": {"path":"C:\\Users\\Bruno\\Documents\\Github\\rh-core-ui\\src\\components\\buttons\\buttons.tsx","statementMap":{"0":{"start":{"line":1,"column":0},"end":{"line":1,"column":72}},"1":{"start":{"line":3,"column":0},"end":{"line":3,"column":18}},"2":{"start":{"line":11,"column":65},"end":{"line":11,"column":82}},"3":{"start":{"line":13,"column":34},"end":{"line":13,"column":67}},"4":{"start":{"line":19,"column":4},"end":{"line":30,"column":6}},"5":{"start":{"line":24,"column":23},"end":{"line":24,"column":42}},"6":{"start":{"line":5,"column":0},"end":{"line":5,"column":null}}},"fnMap":{"0":{"name":"(anonymous_0)","decl":{"start":{"line":5,"column":0},"end":{"line":5,"column":null}},"loc":{"start":{"line":5,"column":0},"end":{"line":32,"column":null}}},"1":{"name":"(anonymous_1)","decl":{"start":{"line":18,"column":2},"end":{"line":18,"column":8}},"loc":{"start":{"line":18,"column":8},"end":{"line":31,"column":3}}},"2":{"name":"(anonymous_2)","decl":{"start":{"line":24,"column":17},"end":{"line":24,"column":20}},"loc":{"start":{"line":24,"column":23},"end":{"line":24,"column":42}}}},"branchMap":{"0":{"loc":{"start":{"line":27,"column":9},"end":{"line":27,"column":25}},"type":"binary-expr","locations":[{"start":{"line":27,"column":9},"end":{"line":27,"column":25}},{"start":{"line":27,"column":29},"end":{"line":27,"column":74}}]},"1":{"loc":{"start":{"line":28,"column":9},"end":{"line":28,"column":32}},"type":"binary-expr","locations":[{"start":{"line":28,"column":9},"end":{"line":28,"column":32}},{"start":{"line":28,"column":36},"end":{"line":28,"column":49}}]}},"s":{"0":1,"1":1,"2":12,"3":12,"4":12,"5":1,"6":1},"f":{"0":12,"1":12,"2":1},"b":{"0":[12,1],"1":[12,11]}}
,"C:\\Users\\Bruno\\Documents\\Github\\rh-core-ui\\src\\components\\input-text\\input-text.tsx": {"path":"C:\\Users\\Bruno\\Documents\\Github\\rh-core-ui\\src\\components\\input-text\\input-text.tsx","statementMap":{"0":{"start":{"line":1,"column":0},"end":{"line":1,"column":79}},"1":{"start":{"line":3,"column":0},"end":{"line":3,"column":18}},"2":{"start":{"line":4,"column":0},"end":{"line":4,"column":71}},"3":{"start":{"line":12,"column":42},"end":{"line":12,"column":71}},"4":{"start":{"line":17,"column":42},"end":{"line":17,"column":60}},"5":{"start":{"line":18,"column":42},"end":{"line":18,"column":61}},"6":{"start":{"line":20,"column":11},"end":{"line":20,"column":40}},"7":{"start":{"line":21,"column":11},"end":{"line":21,"column":35}},"8":{"start":{"line":26,"column":4},"end":{"line":26,"column":51}},"9":{"start":{"line":27,"column":4},"end":{"line":27,"column":72}},"10":{"start":{"line":31,"column":4},"end":{"line":56,"column":6}},"11":{"start":{"line":52,"column":32},"end":{"line":52,"column":89}},"12":{"start":{"line":6,"column":0},"end":{"line":6,"column":null}}},"fnMap":{"0":{"name":"(anonymous_0)","decl":{"start":{"line":6,"column":0},"end":{"line":6,"column":null}},"loc":{"start":{"line":6,"column":0},"end":{"line":58,"column":null}}},"1":{"name":"(anonymous_1)","decl":{"start":{"line":25,"column":2},"end":{"line":25,"column":26}},"loc":{"start":{"line":25,"column":26},"end":{"line":28,"column":3}}},"2":{"name":"(anonymous_2)","decl":{"start":{"line":30,"column":2},"end":{"line":30,"column":8}},"loc":{"start":{"line":30,"column":8},"end":{"line":57,"column":3}}},"3":{"name":"(anonymous_3)","decl":{"start":{"line":52,"column":21},"end":{"line":52,"column":22}},"loc":{"start":{"line":52,"column":32},"end":{"line":52,"column":89}}}},"branchMap":{"0":{"loc":{"start":{"line":27,"column":52},"end":{"line":27,"column":62}},"type":"cond-expr","locations":[{"start":{"line":27,"column":52},"end":{"line":27,"column":62}},{"start":{"line":27,"column":65},"end":{"line":27,"column":71}}]},"1":{"loc":{"start":{"line":36,"column":12},"end":{"line":36,"column":36}},"type":"binary-expr","locations":[{"start":{"line":36,"column":12},"end":{"line":36,"column":36}},{"start":{"line":37,"column":12},"end":{"line":40,"column":null}}]},"2":{"loc":{"start":{"line":39,"column":44},"end":{"line":39,"column":53}},"type":"cond-expr","locations":[{"start":{"line":39,"column":44},"end":{"line":39,"column":53}},{"start":{"line":39,"column":56},"end":{"line":39,"column":61}}]}},"s":{"0":1,"1":1,"2":1,"3":13,"4":13,"5":13,"6":13,"7":13,"8":2,"9":2,"10":13,"11":1,"12":1},"f":{"0":13,"1":2,"2":13,"3":1},"b":{"0":[1,1],"1":[13,4],"2":[3,1]}}
,"C:\\Users\\Bruno\\Documents\\Github\\rh-core-ui\\src\\components\\select\\select.tsx": {"path":"C:\\Users\\Bruno\\Documents\\Github\\rh-core-ui\\src\\components\\select\\select.tsx","statementMap":{"0":{"start":{"line":1,"column":0},"end":{"line":1,"column":94}},"1":{"start":{"line":2,"column":0},"end":{"line":2,"column":18}},"2":{"start":{"line":15,"column":10},"end":{"line":15,"column":35}},"3":{"start":{"line":16,"column":10},"end":{"line":16,"column":40}},"4":{"start":{"line":20,"column":11},"end":{"line":20,"column":30}},"5":{"start":{"line":21,"column":11},"end":{"line":21,"column":30}},"6":{"start":{"line":24,"column":4},"end":{"line":24,"column":57}},"7":{"start":{"line":29,"column":4},"end":{"line":29,"column":55}},"8":{"start":{"line":34,"column":4},"end":{"line":34,"column":89}},"9":{"start":{"line":39,"column":4},"end":{"line":39,"column":27}},"10":{"start":{"line":40,"column":4},"end":{"line":53,"column":null}},"11":{"start":{"line":42,"column":8},"end":{"line":42,"column":31}},"12":{"start":{"line":43,"column":8},"end":{"line":43,"column":14}},"13":{"start":{"line":45,"column":8},"end":{"line":45,"column":29}},"14":{"start":{"line":46,"column":8},"end":{"line":46,"column":14}},"15":{"start":{"line":48,"column":8},"end":{"line":48,"column":27}},"16":{"start":{"line":49,"column":8},"end":{"line":49,"column":14}},"17":{"start":{"line":51,"column":8},"end":{"line":51,"column":28}},"18":{"start":{"line":52,"column":8},"end":{"line":52,"column":14}},"19":{"start":{"line":57,"column":4},"end":{"line":57,"column":24}},"20":{"start":{"line":58,"column":4},"end":{"line":60,"column":null}},"21":{"start":{"line":59,"column":6},"end":{"line":59,"column":13}},"22":{"start":{"line":61,"column":4},"end":{"line":61,"column":41}},"23":{"start":{"line":62,"column":4},"end":{"line":62,"column":31}},"24":{"start":{"line":63,"column":4},"end":{"line":63,"column":31}},"25":{"start":{"line":67,"column":4},"end":{"line":67,"column":56}},"26":{"start":{"line":71,"column":4},"end":{"line":71,"column":56}},"27":{"start":{"line":72,"column":4},"end":{"line":72,"column":28}},"28":{"start":{"line":76,"column":4},"end":{"line":78,"column":null}},"29":{"start":{"line":77,"column":6},"end":{"line":77,"column":55}},"30":{"start":{"line":82,"column":4},"end":{"line":84,"column":null}},"31":{"start":{"line":83,"column":6},"end":{"line":83,"column":55}},"32":{"start":{"line":88,"column":19},"end":{"line":88,"column":55}},"33":{"start":{"line":89,"column":18},"end":{"line":89,"column":61}},"34":{"start":{"line":90,"column":18},"end":{"line":90,"column":69}},"35":{"start":{"line":91,"column":4},"end":{"line":91,"column":60}},"36":{"start":{"line":92,"column":4},"end":{"line":92,"column":24}},"37":{"start":{"line":96,"column":19},"end":{"line":96,"column":45}},"38":{"start":{"line":97,"column":5},"end":{"line":97,"column":48}},"39":{"start":{"line":98,"column":4},"end":{"line":98,"column":80}},"40":{"start":{"line":98,"column":40},"end":{"line":98,"column":78}},"41":{"start":{"line":99,"column":4},"end":{"line":99,"column":39}},"42":{"start":{"line":100,"column":4},"end":{"line":100,"column":34}},"43":{"start":{"line":104,"column":4},"end":{"line":134,"column":6}},"44":{"start":{"line":108,"column":56},"end":{"line":108,"column":90}},"45":{"start":{"line":111,"column":16},"end":{"line":118,"column":null}},"46":{"start":{"line":115,"column":33},"end":{"line":115,"column":89}},"47":{"start":{"line":126,"column":28},"end":{"line":126,"column":54}},"48":{"start":{"line":127,"column":27},"end":{"line":127,"column":46}},"49":{"start":{"line":5,"column":0},"end":{"line":5,"column":null}}},"fnMap":{"0":{"name":"(anonymous_0)","decl":{"start":{"line":5,"column":0},"end":{"line":5,"column":null}},"loc":{"start":{"line":5,"column":0},"end":{"line":136,"column":null}}},"1":{"name":"(anonymous_1)","decl":{"start":{"line":23,"column":2},"end":{"line":23,"column":6}},"loc":{"start":{"line":23,"column":17},"end":{"line":25,"column":3}}},"2":{"name":"(anonymous_2)","decl":{"start":{"line":28,"column":2},"end":{"line":28,"column":27}},"loc":{"start":{"line":28,"column":27},"end":{"line":30,"column":3}}},"3":{"name":"(anonymous_3)","decl":{"start":{"line":33,"column":2},"end":{"line":33,"column":21}},"loc":{"start":{"line":33,"column":34},"end":{"line":35,"column":3}}},"4":{"name":"(anonymous_4)","decl":{"start":{"line":38,"column":2},"end":{"line":38,"column":27}},"loc":{"start":{"line":38,"column":48},"end":{"line":54,"column":3}}},"5":{"name":"(anonymous_5)","decl":{"start":{"line":56,"column":2},"end":{"line":56,"column":18}},"loc":{"start":{"line":56,"column":62},"end":{"line":64,"column":3}}},"6":{"name":"(anonymous_6)","decl":{"start":{"line":66,"column":10},"end":{"line":66,"column":22}},"loc":{"start":{"line":66,"column":22},"end":{"line":68,"column":3}}},"7":{"name":"(anonymous_7)","decl":{"start":{"line":70,"column":10},"end":{"line":70,"column":22}},"loc":{"start":{"line":70,"column":22},"end":{"line":73,"column":3}}},"8":{"name":"(anonymous_8)","decl":{"start":{"line":75,"column":10},"end":{"line":75,"column":25}},"loc":{"start":{"line":75,"column":25},"end":{"line":79,"column":3}}},"9":{"name":"(anonymous_9)","decl":{"start":{"line":81,"column":10},"end":{"line":81,"column":23}},"loc":{"start":{"line":81,"column":23},"end":{"line":85,"column":3}}},"10":{"name":"(anonymous_10)","decl":{"start":{"line":87,"column":10},"end":{"line":87,"column":21}},"loc":{"start":{"line":87,"column":21},"end":{"line":93,"column":3}}},"11":{"name":"(anonymous_11)","decl":{"start":{"line":95,"column":10},"end":{"line":95,"column":29}},"loc":{"start":{"line":95,"column":46},"end":{"line":101,"column":3}}},"12":{"name":"(anonymous_12)","decl":{"start":{"line":98,"column":29},"end":{"line":98,"column":36}},"loc":{"start":{"line":98,"column":40},"end":{"line":98,"column":78}}},"13":{"name":"(anonymous_13)","decl":{"start":{"line":103,"column":2},"end":{"line":103,"column":8}},"loc":{"start":{"line":103,"column":8},"end":{"line":135,"column":3}}},"14":{"name":"(anonymous_14)","decl":{"start":{"line":108,"column":45},"end":{"line":108,"column":52}},"loc":{"start":{"line":108,"column":56},"end":{"line":108,"column":90}}},"15":{"name":"(anonymous_15)","decl":{"start":{"line":110,"column":31},"end":{"line":110,"column":32}},"loc":{"start":{"line":111,"column":16},"end":{"line":118,"column":null}}},"16":{"name":"(anonymous_16)","decl":{"start":{"line":115,"column":27},"end":{"line":115,"column":30}},"loc":{"start":{"line":115,"column":33},"end":{"line":115,"column":89}}},"17":{"name":"(anonymous_17)","decl":{"start":{"line":126,"column":17},"end":{"line":126,"column":24}},"loc":{"start":{"line":126,"column":28},"end":{"line":126,"column":54}}},"18":{"name":"(anonymous_18)","decl":{"start":{"line":127,"column":21},"end":{"line":127,"column":24}},"loc":{"start":{"line":127,"column":27},"end":{"line":127,"column":46}}}},"branchMap":{"0":{"loc":{"start":{"line":34,"column":4},"end":{"line":34,"column":65}},"type":"binary-expr","locations":[{"start":{"line":34,"column":4},"end":{"line":34,"column":65}},{"start":{"line":34,"column":69},"end":{"line":34,"column":88}}]},"1":{"loc":{"start":{"line":41,"column":6},"end":{"line":43,"column":14}},"type":"switch","locations":[{"start":{"line":41,"column":6},"end":{"line":43,"column":14}},{"start":{"line":44,"column":6},"end":{"line":46,"column":14}},{"start":{"line":47,"column":6},"end":{"line":49,"column":14}},{"start":{"line":50,"column":6},"end":{"line":52,"column":14}}]},"2":{"loc":{"start":{"line":58,"column":4},"end":{"line":60,"column":null}},"type":"if","locations":[{"start":{"line":58,"column":4},"end":{"line":60,"column":null}},{"start":{"line":58,"column":4},"end":{"line":60,"column":null}}]},"3":{"loc":{"start":{"line":58,"column":8},"end":{"line":58,"column":36}},"type":"binary-expr","locations":[{"start":{"line":58,"column":8},"end":{"line":58,"column":36}},{"start":{"line":58,"column":40},"end":{"line":58,"column":46}},{"start":{"line":58,"column":50},"end":{"line":58,"column":56}}]},"4":{"loc":{"start":{"line":76,"column":4},"end":{"line":78,"column":null}},"type":"if","locations":[{"start":{"line":76,"column":4},"end":{"line":78,"column":null}},{"start":{"line":76,"column":4},"end":{"line":78,"column":null}}]},"5":{"loc":{"start":{"line":82,"column":4},"end":{"line":84,"column":null}},"type":"if","locations":[{"start":{"line":82,"column":4},"end":{"line":84,"column":null}},{"start":{"line":82,"column":4},"end":{"line":84,"column":null}}]},"6":{"loc":{"start":{"line":89,"column":18},"end":{"line":89,"column":24}},"type":"binary-expr","locations":[{"start":{"line":89,"column":18},"end":{"line":89,"column":24}},{"start":{"line":89,"column":28},"end":{"line":89,"column":61}}]},"7":{"loc":{"start":{"line":90,"column":18},"end":{"line":90,"column":24}},"type":"binary-expr","locations":[{"start":{"line":90,"column":18},"end":{"line":90,"column":24}},{"start":{"line":90,"column":28},"end":{"line":90,"column":69}}]}},"s":{"0":1,"1":1,"2":14,"3":14,"4":14,"5":14,"6":49,"7":3,"8":1,"9":20,"10":20,"11":16,"12":16,"13":2,"14":2,"15":1,"16":1,"17":1,"18":1,"19":4,"20":4,"21":1,"22":3,"23":3,"24":3,"25":4,"26":7,"27":7,"28":16,"29":15,"30":2,"31":1,"32":1,"33":1,"34":1,"35":1,"36":1,"37":16,"38":16,"39":16,"40":160,"41":16,"42":16,"43":14,"44":14,"45":111,"46":3,"47":14,"48":4,"49":1},"f":{"0":14,"1":49,"2":3,"3":1,"4":20,"5":4,"6":4,"7":7,"8":16,"9":2,"10":1,"11":16,"12":160,"13":14,"14":14,"15":111,"16":3,"17":14,"18":4},"b":{"0":[1,1],"1":[16,2,1,1],"2":[1,3],"3":[4,3,3],"4":[15,1],"5":[1,1],"6":[1,1],"7":[1,1]}}
,"C:\\Users\\Bruno\\Documents\\Github\\rh-core-ui\\src\\components\\select\\test\\mock-select-options.ts": {"path":"C:\\Users\\Bruno\\Documents\\Github\\rh-core-ui\\src\\components\\select\\test\\mock-select-options.ts","statementMap":{"0":{"start":{"line":2,"column":0},"end":{"line":2,"column":26}},"1":{"start":{"line":4,"column":13},"end":{"line":9,"column":3}},"2":{"start":{"line":5,"column":2},"end":{"line":8,"column":4}}},"fnMap":{"0":{"name":"(anonymous_1)","decl":{"start":{"line":4,"column":77},"end":{"line":4,"column":80}},"loc":{"start":{"line":4,"column":82},"end":{"line":9,"column":1}}}},"branchMap":{},"s":{"0":1,"1":1,"2":10},"f":{"0":10},"b":{}}
,"C:\\Users\\Bruno\\Documents\\Github\\rh-core-ui\\src\\components\\side-bar\\side-bar.tsx": {"path":"C:\\Users\\Bruno\\Documents\\Github\\rh-core-ui\\src\\components\\side-bar\\side-bar.tsx","statementMap":{"0":{"start":{"line":1,"column":0},"end":{"line":1,"column":72}},"1":{"start":{"line":3,"column":0},"end":{"line":3,"column":18}},"2":{"start":{"line":16,"column":67},"end":{"line":16,"column":95}},"3":{"start":{"line":21,"column":4},"end":{"line":21,"column":63}},"4":{"start":{"line":22,"column":24},"end":{"line":22,"column":84}},"5":{"start":{"line":23,"column":4},"end":{"line":23,"column":81}},"6":{"start":{"line":24,"column":4},"end":{"line":24,"column":72}},"7":{"start":{"line":25,"column":4},"end":{"line":25,"column":39}},"8":{"start":{"line":29,"column":4},"end":{"line":43,"column":6}},"9":{"start":{"line":30,"column":43},"end":{"line":30,"column":56}},"10":{"start":{"line":30,"column":74},"end":{"line":30,"column":100}},"11":{"start":{"line":31,"column":47},"end":{"line":31,"column":74}},"12":{"start":{"line":34,"column":52},"end":{"line":34,"column":65}},"13":{"start":{"line":40,"column":28},"end":{"line":40,"column":57}},"14":{"start":{"line":5,"column":0},"end":{"line":5,"column":null}}},"fnMap":{"0":{"name":"(anonymous_0)","decl":{"start":{"line":5,"column":0},"end":{"line":5,"column":null}},"loc":{"start":{"line":5,"column":0},"end":{"line":45,"column":null}}},"1":{"name":"(anonymous_1)","decl":{"start":{"line":20,"column":2},"end":{"line":20,"column":8}},"loc":{"start":{"line":20,"column":8},"end":{"line":26,"column":3}}},"2":{"name":"(anonymous_2)","decl":{"start":{"line":28,"column":2},"end":{"line":28,"column":8}},"loc":{"start":{"line":28,"column":8},"end":{"line":44,"column":3}}},"3":{"name":"(anonymous_3)","decl":{"start":{"line":30,"column":37},"end":{"line":30,"column":40}},"loc":{"start":{"line":30,"column":43},"end":{"line":30,"column":56}}},"4":{"name":"(anonymous_4)","decl":{"start":{"line":30,"column":63},"end":{"line":30,"column":70}},"loc":{"start":{"line":30,"column":74},"end":{"line":30,"column":100}}},"5":{"name":"(anonymous_5)","decl":{"start":{"line":31,"column":36},"end":{"line":31,"column":43}},"loc":{"start":{"line":31,"column":47},"end":{"line":31,"column":74}}},"6":{"name":"(anonymous_6)","decl":{"start":{"line":34,"column":46},"end":{"line":34,"column":49}},"loc":{"start":{"line":34,"column":52},"end":{"line":34,"column":65}}},"7":{"name":"(anonymous_7)","decl":{"start":{"line":40,"column":17},"end":{"line":40,"column":24}},"loc":{"start":{"line":40,"column":28},"end":{"line":40,"column":57}}}},"branchMap":{},"s":{"0":1,"1":1,"2":4,"3":4,"4":4,"5":4,"6":4,"7":4,"8":4,"9":1,"10":4,"11":4,"12":3,"13":4,"14":1},"f":{"0":4,"1":4,"2":4,"3":1,"4":4,"5":4,"6":3,"7":4},"b":{}}
,"C:\\Users\\Bruno\\Documents\\Github\\rh-core-ui\\src\\components\\side-bar\\components\\side-bar-items\\side-bar-items.tsx": {"path":"C:\\Users\\Bruno\\Documents\\Github\\rh-core-ui\\src\\components\\side-bar\\components\\side-bar-items\\side-bar-items.tsx","statementMap":{"0":{"start":{"line":1,"column":0},"end":{"line":1,"column":96}},"1":{"start":{"line":3,"column":0},"end":{"line":3,"column":18}},"2":{"start":{"line":15,"column":67},"end":{"line":15,"column":95}},"3":{"start":{"line":21,"column":4},"end":{"line":21,"column":30}},"4":{"start":{"line":25,"column":18},"end":{"line":25,"column":91}},"5":{"start":{"line":26,"column":4},"end":{"line":28,"column":6}},"6":{"start":{"line":27,"column":6},"end":{"line":27,"column":121}},"7":{"start":{"line":29,"column":4},"end":{"line":32,"column":7}},"8":{"start":{"line":30,"column":6},"end":{"line":30,"column":57}},"9":{"start":{"line":31,"column":6},"end":{"line":31,"column":18}},"10":{"start":{"line":36,"column":4},"end":{"line":36,"column":36}},"11":{"start":{"line":40,"column":4},"end":{"line":66,"column":6}},"12":{"start":{"line":44,"column":12},"end":{"line":60,"column":null}},"13":{"start":{"line":49,"column":16},"end":{"line":49,"column":39}},"14":{"start":{"line":50,"column":16},"end":{"line":50,"column":42}},"15":{"start":{"line":5,"column":0},"end":{"line":5,"column":null}}},"fnMap":{"0":{"name":"(anonymous_0)","decl":{"start":{"line":5,"column":0},"end":{"line":5,"column":null}},"loc":{"start":{"line":5,"column":0},"end":{"line":68,"column":null}}},"1":{"name":"(anonymous_1)","decl":{"start":{"line":20,"column":2},"end":{"line":20,"column":25}},"loc":{"start":{"line":20,"column":49},"end":{"line":22,"column":3}}},"2":{"name":"(anonymous_2)","decl":{"start":{"line":24,"column":2},"end":{"line":24,"column":15}},"loc":{"start":{"line":24,"column":33},"end":{"line":33,"column":3}}},"3":{"name":"(anonymous_3)","decl":{"start":{"line":26,"column":18},"end":{"line":26,"column":19}},"loc":{"start":{"line":27,"column":6},"end":{"line":27,"column":121}}},"4":{"name":"(anonymous_4)","decl":{"start":{"line":29,"column":40},"end":{"line":29,"column":41}},"loc":{"start":{"line":29,"column":56},"end":{"line":32,"column":5}}},"5":{"name":"(anonymous_5)","decl":{"start":{"line":35,"column":2},"end":{"line":35,"column":13}},"loc":{"start":{"line":35,"column":29},"end":{"line":37,"column":3}}},"6":{"name":"(anonymous_6)","decl":{"start":{"line":39,"column":2},"end":{"line":39,"column":8}},"loc":{"start":{"line":39,"column":8},"end":{"line":67,"column":3}}},"7":{"name":"(anonymous_7)","decl":{"start":{"line":43,"column":29},"end":{"line":43,"column":30}},"loc":{"start":{"line":44,"column":12},"end":{"line":60,"column":null}}},"8":{"name":"(anonymous_8)","decl":{"start":{"line":48,"column":23},"end":{"line":48,"column":26}},"loc":{"start":{"line":48,"column":28},"end":{"line":51,"column":15}}}},"branchMap":{"0":{"loc":{"start":{"line":30,"column":44},"end":{"line":30,"column":48}},"type":"cond-expr","locations":[{"start":{"line":30,"column":44},"end":{"line":30,"column":48}},{"start":{"line":30,"column":51},"end":{"line":30,"column":56}}]},"1":{"loc":{"start":{"line":55,"column":18},"end":{"line":56,"column":null}},"type":"cond-expr","locations":[{"start":{"line":55,"column":18},"end":{"line":56,"column":null}},{"start":{"line":59,"column":18},"end":{"line":60,"column":62}}]}},"s":{"0":2,"1":2,"2":5,"3":1,"4":2,"5":2,"6":4,"7":2,"8":4,"9":4,"10":2,"11":6,"12":12,"13":2,"14":2,"15":2},"f":{"0":5,"1":1,"2":2,"3":4,"4":4,"5":2,"6":6,"7":12,"8":2},"b":{"0":[2,2],"1":[2,10]}}
,"C:\\Users\\Bruno\\Documents\\Github\\rh-core-ui\\src\\components\\side-bar\\components\\side-bar-items\\test\\mock-menu-items.ts": {"path":"C:\\Users\\Bruno\\Documents\\Github\\rh-core-ui\\src\\components\\side-bar\\components\\side-bar-items\\test\\mock-menu-items.ts","statementMap":{"0":{"start":{"line":1,"column":0},"end":{"line":1,"column":26}},"1":{"start":{"line":4,"column":13},"end":{"line":7,"column":2}}},"fnMap":{},"branchMap":{},"s":{"0":2,"1":2},"f":{},"b":{}}
,"C:\\Users\\Bruno\\Documents\\Github\\rh-core-ui\\src\\components\\text-area\\text-area.tsx": {"path":"C:\\Users\\Bruno\\Documents\\Github\\rh-core-ui\\src\\components\\text-area\\text-area.tsx","statementMap":{"0":{"start":{"line":1,"column":0},"end":{"line":1,"column":72}},"1":{"start":{"line":2,"column":0},"end":{"line":2,"column":71}},"2":{"start":{"line":14,"column":10},"end":{"line":14,"column":20}},"3":{"start":{"line":15,"column":10},"end":{"line":15,"column":19}},"4":{"start":{"line":16,"column":42},"end":{"line":16,"column":60}},"5":{"start":{"line":17,"column":42},"end":{"line":17,"column":61}},"6":{"start":{"line":22,"column":4},"end":{"line":38,"column":6}},"7":{"start":{"line":35,"column":30},"end":{"line":35,"column":87}},"8":{"start":{"line":4,"column":0},"end":{"line":4,"column":null}}},"fnMap":{"0":{"name":"(anonymous_0)","decl":{"start":{"line":4,"column":0},"end":{"line":4,"column":null}},"loc":{"start":{"line":4,"column":0},"end":{"line":40,"column":null}}},"1":{"name":"(anonymous_1)","decl":{"start":{"line":21,"column":2},"end":{"line":21,"column":8}},"loc":{"start":{"line":21,"column":8},"end":{"line":39,"column":3}}},"2":{"name":"(anonymous_2)","decl":{"start":{"line":35,"column":19},"end":{"line":35,"column":20}},"loc":{"start":{"line":35,"column":30},"end":{"line":35,"column":87}}}},"branchMap":{},"s":{"0":1,"1":1,"2":13,"3":13,"4":13,"5":13,"6":13,"7":1,"8":1},"f":{"0":13,"1":13,"2":1},"b":{}}
,"C:\\Users\\Bruno\\Documents\\Github\\rh-core-ui\\src\\components\\tooltip\\tooltip.tsx": {"path":"C:\\Users\\Bruno\\Documents\\Github\\rh-core-ui\\src\\components\\tooltip\\tooltip.tsx","statementMap":{"0":{"start":{"line":1,"column":0},"end":{"line":1,"column":60}},"1":{"start":{"line":14,"column":35},"end":{"line":14,"column":69}},"2":{"start":{"line":17,"column":4},"end":{"line":24,"column":6}},"3":{"start":{"line":4,"column":0},"end":{"line":4,"column":null}}},"fnMap":{"0":{"name":"(anonymous_0)","decl":{"start":{"line":4,"column":0},"end":{"line":4,"column":null}},"loc":{"start":{"line":4,"column":0},"end":{"line":26,"column":null}}},"1":{"name":"(anonymous_1)","decl":{"start":{"line":16,"column":2},"end":{"line":16,"column":8}},"loc":{"start":{"line":16,"column":8},"end":{"line":25,"column":3}}}},"branchMap":{},"s":{"0":1,"1":6,"2":6,"3":1},"f":{"0":6,"1":6},"b":{}}
,"C:\\Users\\Bruno\\Documents\\Github\\rh-core-ui\\src\\shared\\components\\input-label\\input-label.tsx": {"path":"C:\\Users\\Bruno\\Documents\\Github\\rh-core-ui\\src\\shared\\components\\input-label\\input-label.tsx","statementMap":{"0":{"start":{"line":1,"column":0},"end":{"line":1,"column":51}},"1":{"start":{"line":2,"column":0},"end":{"line":2,"column":74}},"2":{"start":{"line":11,"column":10},"end":{"line":11,"column":29}},"3":{"start":{"line":12,"column":10},"end":{"line":12,"column":28}},"4":{"start":{"line":15,"column":4},"end":{"line":20,"column":6}},"5":{"start":{"line":4,"column":0},"end":{"line":4,"column":null}}},"fnMap":{"0":{"name":"(anonymous_0)","decl":{"start":{"line":4,"column":0},"end":{"line":4,"column":null}},"loc":{"start":{"line":4,"column":0},"end":{"line":22,"column":null}}},"1":{"name":"(anonymous_1)","decl":{"start":{"line":14,"column":2},"end":{"line":14,"column":8}},"loc":{"start":{"line":14,"column":8},"end":{"line":21,"column":3}}}},"branchMap":{"0":{"loc":{"start":{"line":18,"column":9},"end":{"line":18,"column":24}},"type":"binary-expr","locations":[{"start":{"line":18,"column":9},"end":{"line":18,"column":24}},{"start":{"line":18,"column":28},"end":{"line":18,"column":69}}]}},"s":{"0":1,"1":1,"2":3,"3":3,"4":3,"5":1},"f":{"0":3,"1":3},"b":{"0":[3,1]}}
,"C:\\Users\\Bruno\\Documents\\Github\\rh-core-ui\\src\\test\\helpers\\dispatch-keydown-event.ts": {"path":"C:\\Users\\Bruno\\Documents\\Github\\rh-core-ui\\src\\test\\helpers\\dispatch-keydown-event.ts","statementMap":{"0":{"start":{"line":1,"column":36},"end":{"line":3,"column":1}},"1":{"start":{"line":2,"column":2},"end":{"line":2,"column":84}},"2":{"start":{"line":1,"column":13},"end":{"line":1,"column":36}}},"fnMap":{"0":{"name":"(anonymous_0)","decl":{"start":{"line":1,"column":36},"end":{"line":1,"column":37}},"loc":{"start":{"line":1,"column":52},"end":{"line":3,"column":1}}}},"branchMap":{},"s":{"0":1,"1":20,"2":1},"f":{"0":20},"b":{}}
,"C:\\Users\\Bruno\\Documents\\Github\\rh-core-ui\\src\\utils\\component-setup\\component-setup.ts": {"path":"C:\\Users\\Bruno\\Documents\\Github\\rh-core-ui\\src\\utils\\component-setup\\component-setup.ts","statementMap":{"0":{"start":{"line":1,"column":0},"end":{"line":1,"column":52}},"1":{"start":{"line":8,"column":23},"end":{"line":17,"column":1}},"2":{"start":{"line":9,"column":35},"end":{"line":12,"column":4}},"3":{"start":{"line":11,"column":20},"end":{"line":11,"column":32}},"4":{"start":{"line":13,"column":2},"end":{"line":16,"column":null}},"5":{"start":{"line":19,"column":0},"end":{"line":19,"column":30}}},"fnMap":{"0":{"name":"(anonymous_0)","decl":{"start":{"line":8,"column":23},"end":{"line":8,"column":28}},"loc":{"start":{"line":8,"column":99},"end":{"line":17,"column":1}}},"1":{"name":"(anonymous_1)","decl":{"start":{"line":11,"column":14},"end":{"line":11,"column":17}},"loc":{"start":{"line":11,"column":20},"end":{"line":11,"column":32}}}},"branchMap":{},"s":{"0":9,"1":9,"2":70,"3":70,"4":70,"5":9},"f":{"0":70,"1":70},"b":{}}
,"C:\\Users\\Bruno\\Documents\\Github\\rh-core-ui\\src\\utils\\form\\toggle-valid-state.ts": {"path":"C:\\Users\\Bruno\\Documents\\Github\\rh-core-ui\\src\\utils\\form\\toggle-valid-state.ts","statementMap":{"0":{"start":{"line":1,"column":32},"end":{"line":3,"column":1}},"1":{"start":{"line":2,"column":2},"end":{"line":2,"column":39}},"2":{"start":{"line":1,"column":13},"end":{"line":1,"column":32}}},"fnMap":{"0":{"name":"(anonymous_0)","decl":{"start":{"line":1,"column":32},"end":{"line":1,"column":33}},"loc":{"start":{"line":1,"column":85},"end":{"line":3,"column":1}}}},"branchMap":{"0":{"loc":{"start":{"line":2,"column":21},"end":{"line":2,"column":33}},"type":"cond-expr","locations":[{"start":{"line":2,"column":21},"end":{"line":2,"column":33}},{"start":{"line":2,"column":36},"end":{"line":2,"column":38}}]}},"s":{"0":3,"1":33,"2":3},"f":{"0":33},"b":{"0":[6,27]}}
}
