TN:
SF:src\components\side-bar\components\side-bar-items\side-bar-items.tsx
FN:5,(anonymous_0)
FN:17,(anonymous_1)
FN:19,(anonymous_2)
FN:22,(anonymous_3)
FN:28,(anonymous_4)
FN:32,(anonymous_5)
FN:36,(anonymous_6)
FN:41,(anonymous_7)
FNF:8
FNH:8
FNDA:3,(anonymous_0)
FNDA:2,(anonymous_1)
FNDA:4,(anonymous_2)
FNDA:4,(anonymous_3)
FNDA:2,(anonymous_4)
FNDA:3,(anonymous_5)
FNDA:6,(anonymous_6)
FNDA:2,(anonymous_7)
DA:1,1
DA:3,1
DA:5,1
DA:13,3
DA:18,2
DA:19,2
DA:20,4
DA:22,2
DA:23,4
DA:24,4
DA:29,2
DA:33,3
DA:37,6
DA:42,2
DA:43,2
LF:15
LH:15
BRDA:23,0,0,2
BRDA:23,0,1,2
BRF:2
BRH:2
end_of_record
TN:
SF:src\utils\component-setup\component-setup.ts
FN:7,(anonymous_0)
FN:10,(anonymous_1)
FNF:2
FNH:2
FNDA:3,(anonymous_0)
FNDA:3,(anonymous_1)
DA:1,1
DA:7,1
DA:8,3
DA:10,3
DA:12,3
DA:17,1
LF:6
LH:6
BRF:0
BRH:0
end_of_record
