TN:
SF:src\components\buttons\buttons.tsx
FN:5,(anonymous_0)
FN:18,(anonymous_1)
FN:24,(anonymous_2)
FNF:3
FNH:3
FNDA:12,(anonymous_0)
FNDA:12,(anonymous_1)
FNDA:1,(anonymous_2)
DA:1,1
DA:3,1
DA:5,1
DA:11,12
DA:13,12
DA:19,12
DA:24,1
LF:7
LH:7
BRDA:27,0,0,12
BRDA:27,0,1,1
BRDA:28,1,0,12
BRDA:28,1,1,11
BRF:4
BRH:4
end_of_record
TN:
SF:src\components\side-bar\side-bar.tsx
FN:5,(anonymous_0)
FN:20,(anonymous_1)
FN:28,(anonymous_2)
FN:30,(anonymous_3)
FN:30,(anonymous_4)
FN:31,(anonymous_5)
FN:34,(anonymous_6)
FN:40,(anonymous_7)
FNF:8
FNH:8
FNDA:4,(anonymous_0)
FNDA:4,(anonymous_1)
FNDA:4,(anonymous_2)
FNDA:1,(anonymous_3)
FNDA:4,(anonymous_4)
FNDA:4,(anonymous_5)
FNDA:3,(anonymous_6)
FNDA:4,(anonymous_7)
DA:1,1
DA:3,1
DA:5,1
DA:16,4
DA:21,4
DA:22,4
DA:23,4
DA:24,4
DA:25,4
DA:29,4
DA:30,4
DA:31,4
DA:34,3
DA:40,4
LF:14
LH:14
BRF:0
BRH:0
end_of_record
TN:
SF:src\components\side-bar\components\side-bar-items\side-bar-items.tsx
FN:5,(anonymous_0)
FN:20,(anonymous_1)
FN:24,(anonymous_2)
FN:26,(anonymous_3)
FN:29,(anonymous_4)
FN:35,(anonymous_5)
FN:39,(anonymous_6)
FN:43,(anonymous_7)
FN:48,(anonymous_8)
FNF:9
FNH:9
FNDA:5,(anonymous_0)
FNDA:1,(anonymous_1)
FNDA:2,(anonymous_2)
FNDA:4,(anonymous_3)
FNDA:4,(anonymous_4)
FNDA:2,(anonymous_5)
FNDA:6,(anonymous_6)
FNDA:12,(anonymous_7)
FNDA:2,(anonymous_8)
DA:1,2
DA:3,2
DA:5,2
DA:15,5
DA:21,1
DA:25,2
DA:26,2
DA:27,4
DA:29,2
DA:30,4
DA:31,4
DA:36,2
DA:40,6
DA:44,12
DA:49,2
DA:50,2
LF:16
LH:16
BRDA:30,0,0,2
BRDA:30,0,1,2
BRDA:55,1,0,2
BRDA:55,1,1,10
BRF:4
BRH:4
end_of_record
TN:
SF:src\components\side-bar\components\side-bar-items\test\mock-menu-items.ts
FNF:0
FNH:0
DA:1,2
DA:4,2
LF:2
LH:2
BRF:0
BRH:0
end_of_record
TN:
SF:src\components\tooltip\tooltip.tsx
FN:4,(anonymous_0)
FN:16,(anonymous_1)
FNF:2
FNH:2
FNDA:6,(anonymous_0)
FNDA:6,(anonymous_1)
DA:1,1
DA:4,1
DA:14,6
DA:17,6
LF:4
LH:4
BRF:0
BRH:0
end_of_record
TN:
SF:src\utils\component-setup\component-setup.ts
FN:8,(anonymous_0)
FN:11,(anonymous_1)
FNF:2
FNH:2
FNDA:25,(anonymous_0)
FNDA:25,(anonymous_1)
DA:1,4
DA:8,4
DA:9,25
DA:11,25
DA:13,25
DA:19,4
LF:6
LH:6
BRF:0
BRH:0
end_of_record
